<?xml version="1.0" encoding="UTF-8" ?>
<testsuite tests="129" failures="0" name="org.farng.mp3.AllTestCase" time="0.711" errors="0" skipped="0">
  <properties>
    <property name="java.runtime.name" value="Java(TM) SE Runtime Environment"/>
    <property name="sun.boot.library.path" value="/Library/Java/JavaVirtualMachines/jdk1.8.0_121.jdk/Contents/Home/jre/lib"/>
    <property name="java.vm.version" value="25.121-b13"/>
    <property name="gopherProxySet" value="false"/>
    <property name="java.vm.vendor" value="Oracle Corporation"/>
    <property name="maven.multiModuleProjectDirectory" value="/Users/ericfarng/dev/jid3lib"/>
    <property name="java.vendor.url" value="http://java.oracle.com/"/>
    <property name="path.separator" value=":"/>
    <property name="guice.disable.misplaced.annotation.check" value="true"/>
    <property name="java.vm.name" value="Java HotSpot(TM) 64-Bit Server VM"/>
    <property name="file.encoding.pkg" value="sun.io"/>
    <property name="user.country" value="US"/>
    <property name="sun.java.launcher" value="SUN_STANDARD"/>
    <property name="sun.os.patch.level" value="unknown"/>
    <property name="java.vm.specification.name" value="Java Virtual Machine Specification"/>
    <property name="user.dir" value="/Users/ericfarng/dev/jid3lib"/>
    <property name="java.runtime.version" value="1.8.0_121-b13"/>
    <property name="java.awt.graphicsenv" value="sun.awt.CGraphicsEnvironment"/>
    <property name="java.endorsed.dirs" value="/Library/Java/JavaVirtualMachines/jdk1.8.0_121.jdk/Contents/Home/jre/lib/endorsed"/>
    <property name="os.arch" value="x86_64"/>
    <property name="java.io.tmpdir" value="/var/folders/fl/9tnp904s30l72yqpbgtfsl240000gn/T/"/>
    <property name="line.separator" value="
"/>
    <property name="java.vm.specification.vendor" value="Oracle Corporation"/>
    <property name="os.name" value="Mac OS X"/>
    <property name="classworlds.conf" value="/usr/local/Cellar/maven/3.5.0/libexec/bin/m2.conf"/>
    <property name="sun.jnu.encoding" value="UTF-8"/>
    <property name="java.library.path" value="/Users/ericfarng/Library/Java/Extensions:/Library/Java/Extensions:/Network/Library/Java/Extensions:/System/Library/Java/Extensions:/usr/lib/java:."/>
    <property name="maven.conf" value="/usr/local/Cellar/maven/3.5.0/libexec/conf"/>
    <property name="java.specification.name" value="Java Platform API Specification"/>
    <property name="java.class.version" value="52.0"/>
    <property name="sun.management.compiler" value="HotSpot 64-Bit Tiered Compilers"/>
    <property name="os.version" value="10.12.4"/>
    <property name="library.jansi.path" value="/usr/local/Cellar/maven/3.5.0/libexec/lib/jansi-native/osx64"/>
    <property name="http.nonProxyHosts" value="local|*.local|169.254/16|*.169.254/16"/>
    <property name="user.home" value="/Users/ericfarng"/>
    <property name="user.timezone" value="America/New_York"/>
    <property name="java.awt.printerjob" value="sun.lwawt.macosx.CPrinterJob"/>
    <property name="java.specification.version" value="1.8"/>
    <property name="file.encoding" value="UTF-8"/>
    <property name="user.name" value="ericfarng"/>
    <property name="java.class.path" value="/usr/local/Cellar/maven/3.5.0/libexec/boot/plexus-classworlds-2.5.2.jar"/>
    <property name="java.vm.specification.version" value="1.8"/>
    <property name="sun.arch.data.model" value="64"/>
    <property name="java.home" value="/Library/Java/JavaVirtualMachines/jdk1.8.0_121.jdk/Contents/Home/jre"/>
    <property name="sun.java.command" value="org.codehaus.plexus.classworlds.launcher.Launcher clean package"/>
    <property name="java.specification.vendor" value="Oracle Corporation"/>
    <property name="user.language" value="en"/>
    <property name="awt.toolkit" value="sun.lwawt.macosx.LWCToolkit"/>
    <property name="java.vm.info" value="mixed mode"/>
    <property name="java.version" value="1.8.0_121"/>
    <property name="java.ext.dirs" value="/Users/ericfarng/Library/Java/Extensions:/Library/Java/JavaVirtualMachines/jdk1.8.0_121.jdk/Contents/Home/jre/lib/ext:/Library/Java/Extensions:/Network/Library/Java/Extensions:/System/Library/Java/Extensions:/usr/lib/java"/>
    <property name="sun.boot.class.path" value="/Library/Java/JavaVirtualMachines/jdk1.8.0_121.jdk/Contents/Home/jre/lib/resources.jar:/Library/Java/JavaVirtualMachines/jdk1.8.0_121.jdk/Contents/Home/jre/lib/rt.jar:/Library/Java/JavaVirtualMachines/jdk1.8.0_121.jdk/Contents/Home/jre/lib/sunrsasign.jar:/Library/Java/JavaVirtualMachines/jdk1.8.0_121.jdk/Contents/Home/jre/lib/jsse.jar:/Library/Java/JavaVirtualMachines/jdk1.8.0_121.jdk/Contents/Home/jre/lib/jce.jar:/Library/Java/JavaVirtualMachines/jdk1.8.0_121.jdk/Contents/Home/jre/lib/charsets.jar:/Library/Java/JavaVirtualMachines/jdk1.8.0_121.jdk/Contents/Home/jre/lib/jfr.jar:/Library/Java/JavaVirtualMachines/jdk1.8.0_121.jdk/Contents/Home/jre/classes"/>
    <property name="java.vendor" value="Oracle Corporation"/>
    <property name="maven.home" value="/usr/local/Cellar/maven/3.5.0/libexec"/>
    <property name="file.separator" value="/"/>
    <property name="java.vendor.url.bug" value="http://bugreport.sun.com/bugreport/"/>
    <property name="sun.cpu.endian" value="little"/>
    <property name="sun.io.unicode.encoding" value="UnicodeBig"/>
    <property name="socksNonProxyHosts" value="local|*.local|169.254/16|*.169.254/16"/>
    <property name="ftp.nonProxyHosts" value="local|*.local|169.254/16|*.169.254/16"/>
    <property name="sun.cpu.isalist" value=""/>
  </properties>
  <testcase classname="org.farng.mp3.TagUtilityTest" name="testAppendBeforeExtension" time="0.003"/>
  <testcase classname="org.farng.mp3.TagUtilityTest" name="testCopyFile" time="0.036"/>
  <testcase classname="org.farng.mp3.TagUtilityTest" name="testFindMatchingParenthesis" time="0"/>
  <testcase classname="org.farng.mp3.TagUtilityTest" name="testFindNumber" time="0"/>
  <testcase classname="org.farng.mp3.TagUtilityTest" name="testGetFrameDescription" time="0.001"/>
  <testcase classname="org.farng.mp3.TagUtilityTest" name="testGetWholeNumber" time="0"/>
  <testcase classname="org.farng.mp3.TagUtilityTest" name="testIsID3v2_2FrameIdentifier" time="0"/>
  <testcase classname="org.farng.mp3.TagUtilityTest" name="testIsID3v2_3FrameIdentifier" time="0"/>
  <testcase classname="org.farng.mp3.TagUtilityTest" name="testIsID3v2_4FrameIdentifier" time="0"/>
  <testcase classname="org.farng.mp3.TagUtilityTest" name="testIsLyrics3v2FieldIdentifier" time="0"/>
  <testcase classname="org.farng.mp3.TagUtilityTest" name="testIsMatchingParenthesis" time="0.001"/>
  <testcase classname="org.farng.mp3.TagUtilityTest" name="testPadString" time="0"/>
  <testcase classname="org.farng.mp3.TagUtilityTest" name="testReplaceEOLNwithCRLF" time="0"/>
  <testcase classname="org.farng.mp3.TagUtilityTest" name="testReplaceWord" time="0"/>
  <testcase classname="org.farng.mp3.TagUtilityTest" name="testStripChar" time="0.001"/>
  <testcase classname="org.farng.mp3.TagUtilityTest" name="testToSentenceCase" time="0"/>
  <testcase classname="org.farng.mp3.TagUtilityTest" name="testToTitleCase" time="0.001"/>
  <testcase classname="org.farng.mp3.TagUtilityTest" name="testTruncate" time="0"/>
  <testcase classname="org.farng.mp3.MP3FileTest" name="testAdjustID3v2Padding" time="0.139"/>
  <testcase classname="org.farng.mp3.MP3FileTest" name="testDelete" time="0.008"/>
  <testcase classname="org.farng.mp3.MP3FileTest" name="testGetBitRate" time="0.009"/>
  <testcase classname="org.farng.mp3.MP3FileTest" name="testGetEmphasis" time="0.007"/>
  <testcase classname="org.farng.mp3.MP3FileTest" name="testGetFilenameTag" time="0.008"/>
  <testcase classname="org.farng.mp3.MP3FileTest" name="testGetFrameAcrossTags" time="0.013"/>
  <testcase classname="org.farng.mp3.MP3FileTest" name="testGetFrequency" time="0.007"/>
  <testcase classname="org.farng.mp3.MP3FileTest" name="testGetID3v1Tag" time="0.008"/>
  <testcase classname="org.farng.mp3.MP3FileTest" name="testGetID3v2Tag" time="0.008"/>
  <testcase classname="org.farng.mp3.MP3FileTest" name="testGetLayer" time="0.008"/>
  <testcase classname="org.farng.mp3.MP3FileTest" name="testGetLyrics3Tag" time="0.007"/>
  <testcase classname="org.farng.mp3.MP3FileTest" name="testGetMode" time="0.008"/>
  <testcase classname="org.farng.mp3.MP3FileTest" name="testGetModeExtension" time="0.008"/>
  <testcase classname="org.farng.mp3.MP3FileTest" name="testGetMp3StartByte" time="0.011"/>
  <testcase classname="org.farng.mp3.MP3FileTest" name="testGetMp3file" time="0.007"/>
  <testcase classname="org.farng.mp3.MP3FileTest" name="testGetMpegVersion" time="0.009"/>
  <testcase classname="org.farng.mp3.MP3FileTest" name="testGetUnsynchronizedFragments" time="0.012"/>
  <testcase classname="org.farng.mp3.MP3FileTest" name="testHasFilenameTag" time="0.007"/>
  <testcase classname="org.farng.mp3.MP3FileTest" name="testHasID3v1Tag" time="0.008"/>
  <testcase classname="org.farng.mp3.MP3FileTest" name="testHasID3v2Tag" time="0.007"/>
  <testcase classname="org.farng.mp3.MP3FileTest" name="testHasLyrics3Tag" time="0.007"/>
  <testcase classname="org.farng.mp3.MP3FileTest" name="testIsCopyProtected" time="0.008"/>
  <testcase classname="org.farng.mp3.MP3FileTest" name="testIsHome" time="0.007"/>
  <testcase classname="org.farng.mp3.MP3FileTest" name="testIsPadding" time="0.007"/>
  <testcase classname="org.farng.mp3.MP3FileTest" name="testIsPrivacy" time="0.007"/>
  <testcase classname="org.farng.mp3.MP3FileTest" name="testIsProtection" time="0.007"/>
  <testcase classname="org.farng.mp3.MP3FileTest" name="testIsUnsynchronized" time="0.007"/>
  <testcase classname="org.farng.mp3.MP3FileTest" name="testIsVariableBitRate" time="0.008"/>
  <testcase classname="org.farng.mp3.MP3FileTest" name="testSave" time="0.239"/>
  <testcase classname="org.farng.mp3.MP3FileTest" name="testSeekMP3Frame" time="0.01"/>
  <testcase classname="org.farng.mp3.MP3FileTest" name="testSetFilenameTag" time="0.008"/>
  <testcase classname="org.farng.mp3.MP3FileTest" name="testSetFrameAcrossTags" time="0.009"/>
  <testcase classname="org.farng.mp3.MP3FileTest" name="testSetID3v1Tag" time="0.008"/>
  <testcase classname="org.farng.mp3.MP3FileTest" name="testSetID3v2Tag" time="0.007"/>
  <testcase classname="org.farng.mp3.MP3FileTest" name="testSetLyrics3Tag" time="0.007"/>
  <testcase classname="org.farng.mp3.MP3FileTest" name="testSetMp3file" time="0.007"/>
  <testcase classname="org.farng.mp3.MP3FileTest" name="testSetVariableBitRate" time="0.008"/>
  <testcase classname="org.farng.mp3.object.ObjectLyrics3ImageTest" name="testEquals" time="0"/>
  <testcase classname="org.farng.mp3.object.ObjectLyrics3ImageTest" name="testReadString" time="0"/>
  <testcase classname="org.farng.mp3.object.ObjectLyrics3ImageTest" name="testWriteString" time="0"/>
  <testcase classname="org.farng.mp3.object.ObjectLyrics3ImageTest" name="testGetSize" time="0"/>
  <testcase classname="org.farng.mp3.object.ObjectLyrics3ImageTest" name="testToString" time="0"/>
  <testcase classname="org.farng.mp3.object.ObjectLyrics3ImageTest" name="testGetDescription" time="0.001"/>
  <testcase classname="org.farng.mp3.object.ObjectLyrics3ImageTest" name="testGetTimeStamp" time="0"/>
  <testcase classname="org.farng.mp3.object.ObjectLyrics3ImageTest" name="testSetTimeStamp" time="0"/>
  <testcase classname="org.farng.mp3.object.ObjectLyrics3ImageTest" name="testGetFilename" time="0"/>
  <testcase classname="org.farng.mp3.object.ObjectLyrics3ImageTest" name="testSetDescription" time="0"/>
  <testcase classname="org.farng.mp3.object.ObjectLyrics3ImageTest" name="testSetFilename" time="0"/>
  <testcase classname="org.farng.mp3.id3.AbstractMP3Tag" name="testID3v1" time="0"/>
  <testcase classname="org.farng.mp3.id3.AbstractMP3Tag" name="testID3v1_1" time="0.001"/>
  <testcase classname="org.farng.mp3.id3.AbstractMP3Tag" name="testLyrics3v1" time="0"/>
  <testcase classname="org.farng.mp3.id3.AbstractMP3Tag" name="testLyrics3v2" time="0"/>
  <testcase classname="org.farng.mp3.id3.AbstractMP3Tag" name="testID3v2_2" time="0.001"/>
  <testcase classname="org.farng.mp3.id3.AbstractMP3Tag" name="testID3v2_3" time="0.001"/>
  <testcase classname="org.farng.mp3.id3.AbstractMP3Tag" name="testID3v2_4" time="0"/>
  <testcase classname="org.farng.mp3.object.AbstractMP3ObjectTest" name="testEquals" time="0.001"/>
  <testcase classname="org.farng.mp3.object.AbstractMP3ObjectTest" name="testGetIdentifier" time="0"/>
  <testcase classname="org.farng.mp3.object.AbstractMP3ObjectTest" name="testGetValue" time="0"/>
  <testcase classname="org.farng.mp3.object.AbstractMP3ObjectTest" name="testReadByteArray" time="0"/>
  <testcase classname="org.farng.mp3.object.AbstractMP3ObjectTest" name="testReadString" time="0"/>
  <testcase classname="org.farng.mp3.object.AbstractMP3ObjectTest" name="testSetValue" time="0"/>
  <testcase classname="org.farng.mp3.object.AbstractMP3ObjectTest" name="testWriteByteArray" time="0"/>
  <testcase classname="org.farng.mp3.object.AbstractMP3ObjectTest" name="testWriteString" time="0"/>
  <testcase classname="org.farng.mp3.object.ObjectBooleanByteTest" name="testEquals" time="0"/>
  <testcase classname="org.farng.mp3.object.ObjectBooleanByteTest" name="testReadByteArray" time="0.001"/>
  <testcase classname="org.farng.mp3.object.ObjectBooleanByteTest" name="testWriteByteArray" time="0"/>
  <testcase classname="org.farng.mp3.object.ObjectBooleanByteTest" name="testGetBitPosition" time="0"/>
  <testcase classname="org.farng.mp3.object.ObjectBooleanByteTest" name="testGetSize" time="0"/>
  <testcase classname="org.farng.mp3.object.ObjectBooleanByteTest" name="testToString" time="0"/>
  <testcase classname="org.farng.mp3.object.ObjectBooleanStringTest" name="testEquals" time="0"/>
  <testcase classname="org.farng.mp3.object.ObjectBooleanStringTest" name="testReadString" time="0"/>
  <testcase classname="org.farng.mp3.object.ObjectBooleanStringTest" name="testWriteString" time="0"/>
  <testcase classname="org.farng.mp3.object.ObjectBooleanStringTest" name="testGetSize" time="0"/>
  <testcase classname="org.farng.mp3.object.ObjectBooleanStringTest" name="testToString" time="0"/>
  <testcase classname="org.farng.mp3.object.ObjectGroupRepeatedTest" name="testEquals" time="0"/>
  <testcase classname="org.farng.mp3.object.ObjectGroupRepeatedTest" name="testGetSize" time="0"/>
  <testcase classname="org.farng.mp3.object.ObjectGroupRepeatedTest" name="testAddObject" time="0"/>
  <testcase classname="org.farng.mp3.object.ObjectGroupRepeatedTest" name="testAddProperty" time="0"/>
  <testcase classname="org.farng.mp3.object.ObjectGroupRepeatedTest" name="testGetObjectList" time="0"/>
  <testcase classname="org.farng.mp3.object.ObjectGroupRepeatedTest" name="testGetPropertyList" time="0"/>
  <testcase classname="org.farng.mp3.object.ObjectID3v2LyricLineTest" name="testEquals" time="0.001"/>
  <testcase classname="org.farng.mp3.object.ObjectID3v2LyricLineTest" name="testReadByteArray" time="0"/>
  <testcase classname="org.farng.mp3.object.ObjectID3v2LyricLineTest" name="testWriteByteArray" time="0"/>
  <testcase classname="org.farng.mp3.object.ObjectID3v2LyricLineTest" name="testGetSize" time="0"/>
  <testcase classname="org.farng.mp3.object.ObjectID3v2LyricLineTest" name="testToString" time="0"/>
  <testcase classname="org.farng.mp3.object.ObjectID3v2LyricLineTest" name="testGetText" time="0"/>
  <testcase classname="org.farng.mp3.object.ObjectID3v2LyricLineTest" name="testGetTimeStamp" time="0"/>
  <testcase classname="org.farng.mp3.object.ObjectID3v2LyricLineTest" name="testSetText" time="0"/>
  <testcase classname="org.farng.mp3.object.ObjectID3v2LyricLineTest" name="testSetTimeStamp" time="0"/>
  <testcase classname="org.farng.mp3.object.ObjectLyrics3ImageTest" name="testEquals" time="0"/>
  <testcase classname="org.farng.mp3.object.ObjectLyrics3ImageTest" name="testReadString" time="0"/>
  <testcase classname="org.farng.mp3.object.ObjectLyrics3ImageTest" name="testWriteString" time="0.001"/>
  <testcase classname="org.farng.mp3.object.ObjectLyrics3ImageTest" name="testGetSize" time="0"/>
  <testcase classname="org.farng.mp3.object.ObjectLyrics3ImageTest" name="testToString" time="0"/>
  <testcase classname="org.farng.mp3.object.ObjectLyrics3ImageTest" name="testGetDescription" time="0"/>
  <testcase classname="org.farng.mp3.object.ObjectLyrics3ImageTest" name="testGetTimeStamp" time="0"/>
  <testcase classname="org.farng.mp3.object.ObjectLyrics3ImageTest" name="testSetTimeStamp" time="0"/>
  <testcase classname="org.farng.mp3.object.ObjectLyrics3ImageTest" name="testGetFilename" time="0"/>
  <testcase classname="org.farng.mp3.object.ObjectLyrics3ImageTest" name="testSetDescription" time="0"/>
  <testcase classname="org.farng.mp3.object.ObjectLyrics3ImageTest" name="testSetFilename" time="0"/>
  <testcase classname="org.farng.mp3.object.ObjectLyrics3ImageTest" name="testEquals" time="0"/>
  <testcase classname="org.farng.mp3.object.ObjectLyrics3ImageTest" name="testReadString" time="0"/>
  <testcase classname="org.farng.mp3.object.ObjectLyrics3ImageTest" name="testWriteString" time="0"/>
  <testcase classname="org.farng.mp3.object.ObjectLyrics3ImageTest" name="testGetSize" time="0"/>
  <testcase classname="org.farng.mp3.object.ObjectLyrics3ImageTest" name="testToString" time="0"/>
  <testcase classname="org.farng.mp3.object.ObjectLyrics3ImageTest" name="testGetDescription" time="0"/>
  <testcase classname="org.farng.mp3.object.ObjectLyrics3ImageTest" name="testGetTimeStamp" time="0"/>
  <testcase classname="org.farng.mp3.object.ObjectLyrics3ImageTest" name="testSetTimeStamp" time="0"/>
  <testcase classname="org.farng.mp3.object.ObjectLyrics3ImageTest" name="testGetFilename" time="0"/>
  <testcase classname="org.farng.mp3.object.ObjectLyrics3ImageTest" name="testSetDescription" time="0"/>
  <testcase classname="org.farng.mp3.object.ObjectLyrics3ImageTest" name="testSetFilename" time="0"/>
</testsuite>